<?xml version="1.0" encoding="UTF-8"?>
<!-- Generated by org.testng.reporters.JUnitReportReporter -->
<testsuite skipped="1" hostname="DESKTOP-C2I0Q31" name="MobileAppTesting.Appium.SelectFromSearchBar" tests="2" failures="0" timestamp="09 Dec 2020 06:48:36 GMT" time="54.852" errors="0">
  <testcase name="ClikAndVerifyLinkText" time="54.852" classname="MobileAppTesting.Appium.SelectFromSearchBar"/>
  <testcase name="SelectElementFromSearchBar" classname="MobileAppTesting.Appium.SelectFromSearchBar">
    <skipped/>
  </testcase> <!-- SelectElementFromSearchBar -->
</testsuite> <!-- MobileAppTesting.Appium.SelectFromSearchBar -->
