<?xml version="1.0" encoding="UTF-8"?>
<!-- Generated by org.testng.reporters.JUnitReportReporter -->
<testsuite skipped="0" hostname="DESKTOP-C2I0Q31" name="NewTest" tests="1" failures="0" timestamp="12 Nov 2020 15:08:11 GMT" time="0.027" errors="0">
  <testcase name="f" time="0.027" classname="NewTest"/>
</testsuite> <!-- NewTest -->
