<?xml version="1.0" encoding="UTF-8"?>
<!-- Generated by org.testng.reporters.JUnitReportReporter -->
<testsuite skipped="0" hostname="DESKTOP-C2I0Q31" name="MobileAppTesting.Appium.MobileAppiumChromeBrowser" tests="1" failures="0" timestamp="28 Dec 2020 14:53:39 GMT" time="0.077" errors="0">
  <testcase name="chromeTest" time="0.077" classname="MobileAppTesting.Appium.MobileAppiumChromeBrowser"/>
</testsuite> <!-- MobileAppTesting.Appium.MobileAppiumChromeBrowser -->
