<?xml version="1.0" encoding="UTF-8"?>
<!-- Generated by org.testng.reporters.JUnitReportReporter -->
<testsuite skipped="0" hostname="DESKTOP-C2I0Q31" name="MobileAppTesting.Appium.TouchAndHold" tests="1" failures="0" timestamp="17 Nov 2020 08:42:32 GMT" time="4.417" errors="0">
  <testcase name="TouchAndHoldTest" time="4.417" classname="MobileAppTesting.Appium.TouchAndHold"/>
</testsuite> <!-- MobileAppTesting.Appium.TouchAndHold -->
