<?xml version="1.0" encoding="UTF-8"?>
<!-- Generated by org.testng.reporters.JUnitReportReporter -->
<testsuite skipped="0" hostname="DESKTOP-C2I0Q31" name="MobileAppTesting.Appium.CalculatorAppTestRealDevice" tests="1" failures="0" timestamp="23 Nov 2020 06:53:04 GMT" time="21.394" errors="0">
  <testcase name="calulatorTest" time="21.394" classname="MobileAppTesting.Appium.CalculatorAppTestRealDevice"/>
</testsuite> <!-- MobileAppTesting.Appium.CalculatorAppTestRealDevice -->
