<?xml version="1.0" encoding="UTF-8"?>
<!-- Generated by org.testng.reporters.JUnitReportReporter -->
<testsuite skipped="0" hostname="DESKTOP-C2I0Q31" name="MobileAppTesting.Appium.ScrollToView" tests="1" failures="0" timestamp="24 Nov 2020 07:21:14 GMT" time="30.041" errors="0">
  <testcase name="AlertTest" time="30.041" classname="MobileAppTesting.Appium.ScrollToView"/>
</testsuite> <!-- MobileAppTesting.Appium.ScrollToView -->
