<?xml version="1.0" encoding="UTF-8"?>
<!-- Generated by org.testng.reporters.JUnitReportReporter -->
<testsuite skipped="0" hostname="DESKTOP-C2I0Q31" name="MobileAppTesting.Appium.DragAndDrop" tests="1" failures="0" timestamp="17 Nov 2020 12:44:58 GMT" time="9.727" errors="0">
  <testcase name="DragAndDropTest" time="9.727" classname="MobileAppTesting.Appium.DragAndDrop"/>
</testsuite> <!-- MobileAppTesting.Appium.DragAndDrop -->
