<?xml version="1.0" encoding="UTF-8"?>
<!-- Generated by org.testng.reporters.JUnitReportReporter -->
<testsuite skipped="0" hostname="DESKTOP-C2I0Q31" name="MobileAppTesting.Appium.NewTest" tests="1" failures="0" timestamp="13 Nov 2020 07:20:56 GMT" time="0.026" errors="0">
  <testcase name="f" time="0.026" classname="MobileAppTesting.Appium.NewTest"/>
</testsuite> <!-- MobileAppTesting.Appium.NewTest -->
