<?xml version="1.0" encoding="UTF-8"?>
<!-- Generated by org.testng.reporters.JUnitReportReporter -->
<testsuite skipped="0" hostname="DESKTOP-C2I0Q31" name="MobileAppTesting.Appium.MobileAlerts" tests="1" failures="0" timestamp="18 Nov 2020 07:27:32 GMT" time="8.983" errors="0">
  <testcase name="AlertTest" time="8.983" classname="MobileAppTesting.Appium.MobileAlerts"/>
</testsuite> <!-- MobileAppTesting.Appium.MobileAlerts -->
