<?xml version="1.0" encoding="UTF-8"?>
<!-- Generated by org.testng.reporters.JUnitReportReporter -->
<testsuite skipped="0" hostname="DESKTOP-C2I0Q31" name="MobileAppTesting.Appium.MobileZoomAndPinch" tests="1" failures="0" timestamp="24 Nov 2020 09:11:37 GMT" time="36.008" errors="0">
  <testcase name="zoomTest" time="36.008" classname="MobileAppTesting.Appium.MobileZoomAndPinch"/>
</testsuite> <!-- MobileAppTesting.Appium.MobileZoomAndPinch -->
