<?xml version="1.0" encoding="UTF-8"?>
<!-- Generated by org.testng.reporters.JUnitReportReporter -->
<testsuite skipped="0" hostname="DESKTOP-C2I0Q31" name="MobileAppTesting.Appium.InstallAppTest" tests="1" failures="0" timestamp="13 Nov 2020 12:30:59 GMT" time="19.421" errors="1">
  <testcase name="InstallApp" time="19.421" classname="MobileAppTesting.Appium.InstallAppTest">
    <error type="org.openqa.selenium.UnsupportedCommandException" message="The requested resource could not be found, or a request was received using an HTTP method that is not supported by the mapped resource
Build info: version: &#039;3.141.59&#039;, revision: &#039;e82be7d358&#039;, time: &#039;2018-11-14T08:17:03&#039;
System info: host: &#039;DESKTOP-C2I0Q31&#039;, ip: &#039;169.254.55.9&#039;, os.name: &#039;Windows 10&#039;, os.arch: &#039;amd64&#039;, os.version: &#039;10.0&#039;, java.version: &#039;1.8.0_271&#039;
Driver info: io.appium.java_client.android.AndroidDriver
Capabilities {app: C:\Users\Yogesh\Desktop\App..., appPackage: io.selendroid.testapp, databaseEnabled: false, desired: {app: C:\Users\Yogesh\Desktop\App..., deviceName: RedmiK20pro, noReset: true, platVersion: 10, platformName: android, skipDeviceInitialization: true, skipServerInstallation: true, udid: d015a208}, deviceApiLevel: 29, deviceManufacturer: Xiaomi, deviceModel: Redmi K20 Pro, deviceName: d015a208, deviceScreenDensity: 440, deviceScreenSize: 1080x2340, deviceUDID: d015a208, javascriptEnabled: true, locationContextEnabled: false, networkConnectionEnabled: true, noReset: true, pixelRatio: 2.75, platVersion: 10, platform: LINUX, platformName: Android, platformVersion: 10, skipDeviceInitialization: true, skipServerInstallation: true, statBarHeight: 96, takesScreenshot: true, udid: d015a208, viewportRect: {height: 2114, left: 0, top: 96, width: 1080}, warnings: {}, webStorageEnabled: false}
Session ID: a7dc07ed-e02b-4091-8708-072dad00b6de">
      <![CDATA[org.openqa.selenium.UnsupportedCommandException: The requested resource could not be found, or a request was received using an HTTP method that is not supported by the mapped resource
Build info: version: '3.141.59', revision: 'e82be7d358', time: '2018-11-14T08:17:03'
System info: host: 'DESKTOP-C2I0Q31', ip: '169.254.55.9', os.name: 'Windows 10', os.arch: 'amd64', os.version: '10.0', java.version: '1.8.0_271'
Driver info: io.appium.java_client.android.AndroidDriver
Capabilities {app: C:\Users\Yogesh\Desktop\App..., appPackage: io.selendroid.testapp, databaseEnabled: false, desired: {app: C:\Users\Yogesh\Desktop\App..., deviceName: RedmiK20pro, noReset: true, platVersion: 10, platformName: android, skipDeviceInitialization: true, skipServerInstallation: true, udid: d015a208}, deviceApiLevel: 29, deviceManufacturer: Xiaomi, deviceModel: Redmi K20 Pro, deviceName: d015a208, deviceScreenDensity: 440, deviceScreenSize: 1080x2340, deviceUDID: d015a208, javascriptEnabled: true, locationContextEnabled: false, networkConnectionEnabled: true, noReset: true, pixelRatio: 2.75, platVersion: 10, platform: LINUX, platformName: Android, platformVersion: 10, skipDeviceInitialization: true, skipServerInstallation: true, statBarHeight: 96, takesScreenshot: true, udid: d015a208, viewportRect: {height: 2114, left: 0, top: 96, width: 1080}, warnings: {}, webStorageEnabled: false}
Session ID: a7dc07ed-e02b-4091-8708-072dad00b6de
	at sun.reflect.NativeConstructorAccessorImpl.newInstance0(Native Method)
	at sun.reflect.NativeConstructorAccessorImpl.newInstance(NativeConstructorAccessorImpl.java:62)
	at sun.reflect.DelegatingConstructorAccessorImpl.newInstance(DelegatingConstructorAccessorImpl.java:45)
	at java.lang.reflect.Constructor.newInstance(Constructor.java:423)
	at org.openqa.selenium.remote.http.W3CHttpResponseCodec.createException(W3CHttpResponseCodec.java:187)
	at org.openqa.selenium.remote.http.W3CHttpResponseCodec.decode(W3CHttpResponseCodec.java:122)
	at org.openqa.selenium.remote.http.W3CHttpResponseCodec.decode(W3CHttpResponseCodec.java:49)
	at org.openqa.selenium.remote.HttpCommandExecutor.execute(HttpCommandExecutor.java:158)
	at io.appium.java_client.remote.AppiumCommandExecutor.execute(AppiumCommandExecutor.java:239)
	at org.openqa.selenium.remote.RemoteWebDriver.execute(RemoteWebDriver.java:552)
	at io.appium.java_client.DefaultGenericMobileDriver.execute(DefaultGenericMobileDriver.java:45)
	at io.appium.java_client.AppiumDriver.execute(AppiumDriver.java:1)
	at io.appium.java_client.android.AndroidDriver.execute(AndroidDriver.java:1)
	at org.openqa.selenium.remote.RemoteWebDriver.close(RemoteWebDriver.java:442)
	at MobileAppTesting.Appium.InstallAppTest.InstallApp(InstallAppTest.java:30)
	at sun.reflect.NativeMethodAccessorImpl.invoke0(Native Method)
	at sun.reflect.NativeMethodAccessorImpl.invoke(NativeMethodAccessorImpl.java:62)
	at sun.reflect.DelegatingMethodAccessorImpl.invoke(DelegatingMethodAccessorImpl.java:43)
	at java.lang.reflect.Method.invoke(Method.java:498)
	at org.testng.internal.MethodInvocationHelper.invokeMethod(MethodInvocationHelper.java:108)
	at org.testng.internal.Invoker.invokeMethod(Invoker.java:661)
	at org.testng.internal.Invoker.invokeTestMethod(Invoker.java:869)
	at org.testng.internal.Invoker.invokeTestMethods(Invoker.java:1193)
	at org.testng.internal.TestMethodWorker.invokeTestMethods(TestMethodWorker.java:126)
	at org.testng.internal.TestMethodWorker.run(TestMethodWorker.java:109)
	at org.testng.TestRunner.privateRun(TestRunner.java:744)
	at org.testng.TestRunner.run(TestRunner.java:602)
	at org.testng.SuiteRunner.runTest(SuiteRunner.java:380)
	at org.testng.SuiteRunner.runSequentially(SuiteRunner.java:375)
	at org.testng.SuiteRunner.privateRun(SuiteRunner.java:340)
	at org.testng.SuiteRunner.run(SuiteRunner.java:289)
	at org.testng.SuiteRunnerWorker.runSuite(SuiteRunnerWorker.java:52)
	at org.testng.SuiteRunnerWorker.run(SuiteRunnerWorker.java:86)
	at org.testng.TestNG.runSuitesSequentially(TestNG.java:1301)
	at org.testng.TestNG.runSuitesLocally(TestNG.java:1226)
	at org.testng.TestNG.runSuites(TestNG.java:1144)
	at org.testng.TestNG.run(TestNG.java:1115)
	at org.testng.remote.AbstractRemoteTestNG.run(AbstractRemoteTestNG.java:132)
	at org.testng.remote.RemoteTestNG.initAndRun(RemoteTestNG.java:230)
	at org.testng.remote.RemoteTestNG.main(RemoteTestNG.java:76)
]]>
    </error>
  </testcase> <!-- InstallApp -->
</testsuite> <!-- MobileAppTesting.Appium.InstallAppTest -->
