<?xml version="1.0" encoding="UTF-8"?>
<!-- Generated by org.testng.reporters.JUnitReportReporter -->
<testsuite skipped="0" hostname="DESKTOP-C2I0Q31" name="MobileAppTesting.Appium.DoubleTap" tests="1" failures="0" timestamp="17 Nov 2020 07:57:47 GMT" time="1.527" errors="0">
  <testcase name="DoubleTapTest" time="1.527" classname="MobileAppTesting.Appium.DoubleTap"/>
</testsuite> <!-- MobileAppTesting.Appium.DoubleTap -->
