<?xml version="1.0" encoding="UTF-8"?>
<!-- Generated by org.testng.reporters.JUnitReportReporter -->
<testsuite skipped="0" hostname="DESKTOP-C2I0Q31" name="MobileAppTesting.Appium.CalculatorAppTestEmulator" tests="1" failures="0" timestamp="13 Nov 2020 11:14:39 GMT" time="15.667" errors="0">
  <testcase name="calulatorTestOnEmulator" time="15.667" classname="MobileAppTesting.Appium.CalculatorAppTestEmulator"/>
</testsuite> <!-- MobileAppTesting.Appium.CalculatorAppTestEmulator -->
